<?xml version="1.0" encoding="UTF-8"?>
<!-- Generated by org.testng.reporters.JUnitXMLReporter -->
<testsuite hostname="Mirna" ignored="0" name="LoginTest" tests="1" failures="1" timestamp="2021-06-03T11:34:03 CDT" time="0.063" errors="0">
  <testcase name="validUserWillLogIn" time="0.015" classname="test.LoginTest">
    <failure type="java.lang.NullPointerException">
      <![CDATA[java.lang.NullPointerException
at util.BrowserFactory.init(BrowserFactory.java:45)
at test.LoginTest.validUserWillLogIn(LoginTest.java:20)
at java.util.ArrayList.forEach(ArrayList.java:1259)
... Removed 27 stack frames]]>
    </failure>
  </testcase> <!-- validUserWillLogIn -->
</testsuite> <!-- LoginTest -->
