<?xml version="1.0" encoding="UTF-8"?>
<!-- Generated by org.testng.reporters.JUnitXMLReporter -->
<testsuite hostname="Mirna" ignored="0" name="LoginTest" tests="2" failures="2" timestamp="2021-07-02T13:34:29 CDT" time="0.065" errors="0">
  <testcase name="validUserWillLogIn" time="0.017" classname="test.LoginTest">
    <failure type="java.lang.NullPointerException">
      <![CDATA[java.lang.NullPointerException
at util.BrowserFactory.init(BrowserFactory.java:45)
at test.LoginTest.validUserWillLogIn(LoginTest.java:19)
at java.util.ArrayList.forEach(ArrayList.java:1259)
... Removed 27 stack frames]]>
    </failure>
  </testcase> <!-- validUserWillLogIn -->
  <testcase name="validUserToUseAddCustomerOnListCustomerPage" time="0.001" classname="test.AddCustomerTest">
    <failure type="java.lang.NullPointerException">
      <![CDATA[java.lang.NullPointerException
at util.BrowserFactory.init(BrowserFactory.java:45)
at test.AddCustomerTest.validUserToUseAddCustomerOnListCustomerPage(AddCustomerTest.java:36)
at java.util.ArrayList.forEach(ArrayList.java:1259)
... Removed 27 stack frames]]>
    </failure>
  </testcase> <!-- validUserToUseAddCustomerOnListCustomerPage -->
</testsuite> <!-- LoginTest -->
